<?xml version="1.0" encoding="UTF-8"?>
<!-- Generated by org.testng.reporters.JUnitXMLReporter -->
<testsuite ignored="0" hostname="teracoms-Mac-mini.local" failures="0" tests="8" name="Default test" time="13.71" errors="0" timestamp="20 Oct 2022 08:18:21 GMT">
  <testcase classname="webdriver.Topic_03_selenium_locator" name="TC_01_ID" time="0.071"/>
  <testcase classname="webdriver.Topic_03_selenium_locator" name="TC_02_Class" time="1.18"/>
  <testcase classname="webdriver.Topic_03_selenium_locator" name="TC_03_Name" time="0.244"/>
  <testcase classname="webdriver.Topic_03_selenium_locator" name="TC_04_TagName" time="0.021"/>
  <testcase classname="webdriver.Topic_03_selenium_locator" name="TC_05_Linktext" time="0.89"/>
  <testcase classname="webdriver.Topic_03_selenium_locator" name="TC_05_PartialLinkText" time="0.879"/>
  <testcase classname="webdriver.Topic_03_selenium_locator" name="TC_07_CSS" time="0.615"/>
  <testcase classname="webdriver.Topic_03_selenium_locator" name="TC_08_Xpath" time="2.91"/>
</testsuite> <!-- Default test -->
