<?xml version="1.0" encoding="UTF-8"?>
<testng-results ignored="0" total="8" passed="8" failed="0" skipped="0">
  <reporter-output>
  </reporter-output>
  <suite started-at="2022-10-20T08:18:07Z" name="Default suite" finished-at="2022-10-20T08:18:21Z" duration-ms="13710">
    <groups>
    </groups>
    <test started-at="2022-10-20T08:18:07Z" name="Default test" finished-at="2022-10-20T08:18:21Z" duration-ms="13710">
      <class name="webdriver.Topic_03_selenium_locator">
        <test-method is-config="true" signature="beforeClass()[pri:0, instance:webdriver.Topic_03_selenium_locator@217ed35e]" started-at="2022-10-20T08:18:07Z" name="beforeClass" finished-at="2022-10-20T08:18:14Z" duration-ms="6863" status="PASS">
          <reporter-output>
          </reporter-output>
        </test-method> <!-- beforeClass -->
        <test-method signature="TC_01_ID()[pri:0, instance:webdriver.Topic_03_selenium_locator@217ed35e]" started-at="2022-10-20T08:18:14Z" name="TC_01_ID" finished-at="2022-10-20T08:18:14Z" duration-ms="71" status="PASS">
          <reporter-output>
          </reporter-output>
        </test-method> <!-- TC_01_ID -->
        <test-method signature="TC_02_Class()[pri:0, instance:webdriver.Topic_03_selenium_locator@217ed35e]" started-at="2022-10-20T08:18:14Z" name="TC_02_Class" finished-at="2022-10-20T08:18:16Z" duration-ms="1180" status="PASS">
          <reporter-output>
          </reporter-output>
        </test-method> <!-- TC_02_Class -->
        <test-method signature="TC_03_Name()[pri:0, instance:webdriver.Topic_03_selenium_locator@217ed35e]" started-at="2022-10-20T08:18:16Z" name="TC_03_Name" finished-at="2022-10-20T08:18:16Z" duration-ms="244" status="PASS">
          <reporter-output>
          </reporter-output>
        </test-method> <!-- TC_03_Name -->
        <test-method signature="TC_04_TagName()[pri:0, instance:webdriver.Topic_03_selenium_locator@217ed35e]" started-at="2022-10-20T08:18:16Z" name="TC_04_TagName" finished-at="2022-10-20T08:18:16Z" duration-ms="21" status="PASS">
          <reporter-output>
          </reporter-output>
        </test-method> <!-- TC_04_TagName -->
        <test-method signature="TC_05_Linktext()[pri:0, instance:webdriver.Topic_03_selenium_locator@217ed35e]" started-at="2022-10-20T08:18:16Z" name="TC_05_Linktext" finished-at="2022-10-20T08:18:17Z" duration-ms="890" status="PASS">
          <reporter-output>
          </reporter-output>
        </test-method> <!-- TC_05_Linktext -->
        <test-method signature="TC_05_PartialLinkText()[pri:0, instance:webdriver.Topic_03_selenium_locator@217ed35e]" started-at="2022-10-20T08:18:17Z" name="TC_05_PartialLinkText" finished-at="2022-10-20T08:18:18Z" duration-ms="879" status="PASS">
          <reporter-output>
          </reporter-output>
        </test-method> <!-- TC_05_PartialLinkText -->
        <test-method signature="TC_07_CSS()[pri:0, instance:webdriver.Topic_03_selenium_locator@217ed35e]" started-at="2022-10-20T08:18:18Z" name="TC_07_CSS" finished-at="2022-10-20T08:18:18Z" duration-ms="615" status="PASS">
          <reporter-output>
          </reporter-output>
        </test-method> <!-- TC_07_CSS -->
        <test-method signature="TC_08_Xpath()[pri:0, instance:webdriver.Topic_03_selenium_locator@217ed35e]" started-at="2022-10-20T08:18:18Z" name="TC_08_Xpath" finished-at="2022-10-20T08:18:21Z" duration-ms="2910" status="PASS">
          <reporter-output>
          </reporter-output>
        </test-method> <!-- TC_08_Xpath -->
        <test-method is-config="true" signature="afterClass()[pri:0, instance:webdriver.Topic_03_selenium_locator@217ed35e]" started-at="2022-10-20T08:18:21Z" name="afterClass" finished-at="2022-10-20T08:18:21Z" duration-ms="0" status="PASS">
          <reporter-output>
          </reporter-output>
        </test-method> <!-- afterClass -->
      </class> <!-- webdriver.Topic_03_selenium_locator -->
    </test> <!-- Default test -->
  </suite> <!-- Default suite -->
</testng-results>
